<?xml version="1.0" encoding="UTF-8"?>
<testsuite xmlns:xsi="http://www.w3.org/2001/XMLSchema-instance" xsi:noNamespaceSchemaLocation="https://maven.apache.org/surefire/maven-surefire-plugin/xsd/surefire-test-report-3.0.xsd" version="3.0" name="tn.esprit.tpfoyer.controller.ChambreRestControllerTest" time="7.874" tests="1" errors="0" skipped="0" failures="0">
  <properties>
[...]
</properties>
  <testcase name="testGetChambres" classname="tn.esprit.tpfoyer.controller.ChambreRestControllerTest" time="0.09">
    <system-out><![CDATA[17:07:34.763 [main] INFO org.springframework.test.context.support.AnnotationConfigContextLoaderUtils -- Could not detect default configuration classes for test class [tn.esprit.tpfoyer.controller.ChambreRestControllerTest]: ChambreRestControllerTest does not declare any static, non-private, non-final, nested classes annotated with @Configuration.
17:07:34.855 [main] INFO org.springframework.boot.test.context.SpringBootTestContextBootstrapper -- Found @SpringBootConfiguration tn.esprit.tpfoyer.TpFoyerApplication for test class tn.esprit.tpfoyer.controller.ChambreRestControllerTest

  .   ____          _            __ _ _
 /\\ / ___'_ __ _ _(_)_ __  __ _ \ \ \ \
( ( )\___ | '_ | '_| | '_ \/ _` | \ \ \ \
 \\/  ___)| |_)| | | | | || (_| |  ) ) ) )
  '  |____| .__|_| |_|_| |_\__, | / / / /
 =========|_|==============|___/=/_/_/_/

 :: Spring Boot ::                (v3.3.4)

2024-11-02T17:07:35.267+01:00  INFO 14875 --- [           main] t.e.t.c.ChambreRestControllerTest        : Starting ChambreRestControllerTest using Java 17.0.12 with PID 14875 (started by abdo in /home/abdo/tp-foyer)
2024-11-02T17:07:35.268+01:00  INFO 14875 --- [           main] t.e.t.c.ChambreRestControllerTest        : No active profile set, falling back to 1 default profile: "default"
2024-11-02T17:07:36.186+01:00  INFO 14875 --- [           main] .s.d.r.c.RepositoryConfigurationDelegate : Bootstrapping Spring Data JPA repositories in DEFAULT mode.
2024-11-02T17:07:36.251+01:00  INFO 14875 --- [           main] .s.d.r.c.RepositoryConfigurationDelegate : Finished Spring Data repository scanning in 55 ms. Found 6 JPA repository interfaces.
2024-11-02T17:07:36.884+01:00  INFO 14875 --- [           main] o.hibernate.jpa.internal.util.LogHelper  : HHH000204: Processing PersistenceUnitInfo [name: default]
2024-11-02T17:07:36.923+01:00  INFO 14875 --- [           main] org.hibernate.Version                    : HHH000412: Hibernate ORM core version 6.5.3.Final
2024-11-02T17:07:36.955+01:00  INFO 14875 --- [           main] o.h.c.internal.RegionFactoryInitiator    : HHH000026: Second-level cache disabled
2024-11-02T17:07:37.200+01:00  INFO 14875 --- [           main] o.s.o.j.p.SpringPersistenceUnitInfo      : No LoadTimeWeaver setup: ignoring JPA class transformer
2024-11-02T17:07:37.224+01:00  INFO 14875 --- [           main] com.zaxxer.hikari.HikariDataSource       : HikariPool-1 - Starting...
2024-11-02T17:07:37.377+01:00  INFO 14875 --- [           main] com.zaxxer.hikari.pool.HikariPool        : HikariPool-1 - Added connection com.mysql.cj.jdbc.ConnectionImpl@69bca406
2024-11-02T17:07:37.379+01:00  INFO 14875 --- [           main] com.zaxxer.hikari.HikariDataSource       : HikariPool-1 - Start completed.
2024-11-02T17:07:37.436+01:00  WARN 14875 --- [           main] org.hibernate.dialect.Dialect            : HHH000511: The 5.5.5 version for [org.hibernate.dialect.MySQLDialect] is no longer supported, hence certain features may not work properly. The minimum supported version is 8.0.0. Check the community dialects project for available legacy versions.
2024-11-02T17:07:38.468+01:00  INFO 14875 --- [           main] o.h.e.t.j.p.i.JtaPlatformInitiator       : HHH000489: No JTA platform available (set 'hibernate.transaction.jta.platform' to enable JTA platform integration)
2024-11-02T17:07:38.545+01:00  INFO 14875 --- [           main] j.LocalContainerEntityManagerFactoryBean : Initialized JPA EntityManagerFactory for persistence unit 'default'
2024-11-02T17:07:39.245+01:00  INFO 14875 --- [           main] o.s.d.j.r.query.QueryEnhancerFactory     : Hibernate is in classpath; If applicable, HQL parser will be used.
2024-11-02T17:07:40.232+01:00  WARN 14875 --- [           main] JpaBaseConfiguration$JpaWebConfiguration : spring.jpa.open-in-view is enabled by default. Therefore, database queries may be performed during view rendering. Explicitly configure spring.jpa.open-in-view to disable this warning
2024-11-02T17:07:41.551+01:00  INFO 14875 --- [           main] o.s.b.a.e.web.EndpointLinksResolver      : Exposing 1 endpoint beneath base path '/actuator'
2024-11-02T17:07:41.660+01:00  INFO 14875 --- [           main] t.e.t.c.ChambreRestControllerTest        : Started ChambreRestControllerTest in 6.636 seconds (process running for 7.544)
2024-11-02T17:07:41.667+01:00  INFO 14875 --- [   scheduling-1] tn.esprit.tpfoyer.config.ConfigAOP       : In Metod AOP : retrieveAllBlocs
Hibernate: select b1_0.id_bloc,b1_0.capacite_bloc,b1_0.foyer_id_foyer,b1_0.nom_bloc from bloc b1_0
Hibernate: select f1_0.id_foyer,f1_0.capacite_foyer,f1_0.nom_foyer,u1_0.id_universite,u1_0.adresse,u1_0.nom_universite from foyer f1_0 left join universite u1_0 on f1_0.id_foyer=u1_0.foyer_id_foyer where f1_0.id_foyer=?
2024-11-02T17:07:41.799+01:00  INFO 14875 --- [   scheduling-1] t.e.tpfoyer.service.BlocServiceImpl      : taille totale : 2
2024-11-02T17:07:41.806+01:00  INFO 14875 --- [   scheduling-1] t.e.tpfoyer.service.BlocServiceImpl      : Bloc : Bloc(idBloc=1, nomBloc=hhh, capaciteBloc=466, foyer=Foyer(idFoyer=1, nomFoyer=zouhour, capaciteFoyer=55))
2024-11-02T17:07:41.806+01:00  INFO 14875 --- [   scheduling-1] t.e.tpfoyer.service.BlocServiceImpl      : Bloc : Bloc(idBloc=2, nomBloc=bebel, capaciteBloc=342, foyer=Foyer(idFoyer=1, nomFoyer=zouhour, capaciteFoyer=55))
2024-11-02T17:07:41.808+01:00  INFO 14875 --- [   scheduling-1] tn.esprit.tpfoyer.config.ConfigAOP       : Methodexecutiontime: 141 milliseconds.
]]></system-out>
  </testcase>
</testsuite>